<?xml version="1.0" encoding="UTF-8"?>
<!-- Generated by org.testng.reporters.JUnitXMLReporter -->
<testsuite hostname="DESKTOP-LR7I5H0" ignored="2" name="Test-user" tests="2" failures="0" timestamp="2023-01-16T10:01:26 IST" time="23.221" errors="0">
  <testcase name="@BeforeClass openTheBrowser" time="10.372" classname="com.OFOS.generic.BaseClass">
    <failure type="org.openqa.selenium.WebDriverException" message="unknown error: net::ERR_NAME_NOT_RESOLVED
  (Session info: chrome=109.0.5414.74)
Build info: version: &amp;apos;3.141.59&amp;apos;, revision: &amp;apos;e82be7d358&amp;apos;, time: &amp;apos;2018-11-14T08:17:03&amp;apos;
System info: host: &amp;apos;DESKTOP-LR7I5H0&amp;apos;, ip: &amp;apos;192.168.98.1&amp;apos;, os.name: &amp;apos;Windows 10&amp;apos;, os.arch: &amp;apos;amd64&amp;apos;, os.version: &amp;apos;10.0&amp;apos;, java.version: &amp;apos;1.8.0_201&amp;apos;
Driver info: org.openqa.selenium.chrome.ChromeDriver
Capabilities {acceptInsecureCerts: false, browserName: chrome, browserVersion: 109.0.5414.74, chrome: {chromedriverVersion: 108.0.5359.71 (1e0e3868ee06..., userDataDir: C:\Users\cw\AppData\Local\T...}, goog:chromeOptions: {debuggerAddress: localhost:59233}, javascriptEnabled: true, networkConnectionEnabled: false, pageLoadStrategy: normal, platform: WINDOWS, platformName: WINDOWS, proxy: Proxy(), setWindowRect: true, strictFileInteractability: false, timeouts: {implicit: 0, pageLoad: 300000, script: 30000}, unhandledPromptBehavior: dismiss and notify, webauthn:extension:credBlob: true, webauthn:extension:largeBlob: true, webauthn:virtualAuthenticators: true}
Session ID: 9cd74baac310a16d60a0e8b5e1b8c728">
      <![CDATA[org.openqa.selenium.WebDriverException: unknown error: net::ERR_NAME_NOT_RESOLVED
  (Session info: chrome=109.0.5414.74)
Build info: version: '3.141.59', revision: 'e82be7d358', time: '2018-11-14T08:17:03'
System info: host: 'DESKTOP-LR7I5H0', ip: '192.168.98.1', os.name: 'Windows 10', os.arch: 'amd64', os.version: '10.0', java.version: '1.8.0_201'
Driver info: org.openqa.selenium.chrome.ChromeDriver
Capabilities {acceptInsecureCerts: false, browserName: chrome, browserVersion: 109.0.5414.74, chrome: {chromedriverVersion: 108.0.5359.71 (1e0e3868ee06..., userDataDir: C:\Users\cw\AppData\Local\T...}, goog:chromeOptions: {debuggerAddress: localhost:59233}, javascriptEnabled: true, networkConnectionEnabled: false, pageLoadStrategy: normal, platform: WINDOWS, platformName: WINDOWS, proxy: Proxy(), setWindowRect: true, strictFileInteractability: false, timeouts: {implicit: 0, pageLoad: 300000, script: 30000}, unhandledPromptBehavior: dismiss and notify, webauthn:extension:credBlob: true, webauthn:extension:largeBlob: true, webauthn:virtualAuthenticators: true}
Session ID: 9cd74baac310a16d60a0e8b5e1b8c728
at org.openqa.selenium.remote.http.W3CHttpResponseCodec.createException(W3CHttpResponseCodec.java:187)
at org.openqa.selenium.remote.http.W3CHttpResponseCodec.decode(W3CHttpResponseCodec.java:122)
at org.openqa.selenium.remote.http.W3CHttpResponseCodec.decode(W3CHttpResponseCodec.java:49)
at org.openqa.selenium.remote.HttpCommandExecutor.execute(HttpCommandExecutor.java:158)
at org.openqa.selenium.remote.service.DriverCommandExecutor.execute(DriverCommandExecutor.java:83)
at org.openqa.selenium.remote.RemoteWebDriver.execute(RemoteWebDriver.java:552)
at org.openqa.selenium.remote.RemoteWebDriver.get(RemoteWebDriver.java:277)
at com.OFOS.generic.BaseClass.openTheBrowser(BaseClass.java:61)
at java.util.ArrayList.forEach(ArrayList.java:1257)
... Removed 29 stack frames]]>
    </failure>
  </testcase> <!-- @BeforeClass openTheBrowser -->
  <testcase name="@BeforeMethod logIn" time="-1.673843473699E9" classname="com.OFOS.generic.BaseClass">
    <skipped/>
  </testcase> <!-- @BeforeMethod logIn -->
  <testcase name="@AfterMethod logOut" time="-1.673843473708E9" classname="com.OFOS.generic.BaseClass">
    <skipped/>
  </testcase> <!-- @AfterMethod logOut -->
  <testcase name="@AfterClass closeBrowser" time="-1.673843473713E9" classname="com.OFOS.generic.BaseClass">
    <skipped/>
  </testcase> <!-- @AfterClass closeBrowser -->
  <testcase name="@BeforeClass openTheBrowser" time="12.799" classname="com.OFOS.generic.BaseClass">
    <failure type="org.openqa.selenium.WebDriverException" message="unknown error: net::ERR_NAME_NOT_RESOLVED
  (Session info: chrome=109.0.5414.74)
Build info: version: &amp;apos;3.141.59&amp;apos;, revision: &amp;apos;e82be7d358&amp;apos;, time: &amp;apos;2018-11-14T08:17:03&amp;apos;
System info: host: &amp;apos;DESKTOP-LR7I5H0&amp;apos;, ip: &amp;apos;192.168.98.1&amp;apos;, os.name: &amp;apos;Windows 10&amp;apos;, os.arch: &amp;apos;amd64&amp;apos;, os.version: &amp;apos;10.0&amp;apos;, java.version: &amp;apos;1.8.0_201&amp;apos;
Driver info: org.openqa.selenium.chrome.ChromeDriver
Capabilities {acceptInsecureCerts: false, browserName: chrome, browserVersion: 109.0.5414.74, chrome: {chromedriverVersion: 108.0.5359.71 (1e0e3868ee06..., userDataDir: C:\Users\cw\AppData\Local\T...}, goog:chromeOptions: {debuggerAddress: localhost:59243}, javascriptEnabled: true, networkConnectionEnabled: false, pageLoadStrategy: normal, platform: WINDOWS, platformName: WINDOWS, proxy: Proxy(), setWindowRect: true, strictFileInteractability: false, timeouts: {implicit: 0, pageLoad: 300000, script: 30000}, unhandledPromptBehavior: dismiss and notify, webauthn:extension:credBlob: true, webauthn:extension:largeBlob: true, webauthn:virtualAuthenticators: true}
Session ID: 756d049422a517b9ae857b369cd37d2b">
      <![CDATA[org.openqa.selenium.WebDriverException: unknown error: net::ERR_NAME_NOT_RESOLVED
  (Session info: chrome=109.0.5414.74)
Build info: version: '3.141.59', revision: 'e82be7d358', time: '2018-11-14T08:17:03'
System info: host: 'DESKTOP-LR7I5H0', ip: '192.168.98.1', os.name: 'Windows 10', os.arch: 'amd64', os.version: '10.0', java.version: '1.8.0_201'
Driver info: org.openqa.selenium.chrome.ChromeDriver
Capabilities {acceptInsecureCerts: false, browserName: chrome, browserVersion: 109.0.5414.74, chrome: {chromedriverVersion: 108.0.5359.71 (1e0e3868ee06..., userDataDir: C:\Users\cw\AppData\Local\T...}, goog:chromeOptions: {debuggerAddress: localhost:59243}, javascriptEnabled: true, networkConnectionEnabled: false, pageLoadStrategy: normal, platform: WINDOWS, platformName: WINDOWS, proxy: Proxy(), setWindowRect: true, strictFileInteractability: false, timeouts: {implicit: 0, pageLoad: 300000, script: 30000}, unhandledPromptBehavior: dismiss and notify, webauthn:extension:credBlob: true, webauthn:extension:largeBlob: true, webauthn:virtualAuthenticators: true}
Session ID: 756d049422a517b9ae857b369cd37d2b
at org.openqa.selenium.remote.http.W3CHttpResponseCodec.createException(W3CHttpResponseCodec.java:187)
at org.openqa.selenium.remote.http.W3CHttpResponseCodec.decode(W3CHttpResponseCodec.java:122)
at org.openqa.selenium.remote.http.W3CHttpResponseCodec.decode(W3CHttpResponseCodec.java:49)
at org.openqa.selenium.remote.HttpCommandExecutor.execute(HttpCommandExecutor.java:158)
at org.openqa.selenium.remote.service.DriverCommandExecutor.execute(DriverCommandExecutor.java:83)
at org.openqa.selenium.remote.RemoteWebDriver.execute(RemoteWebDriver.java:552)
at org.openqa.selenium.remote.RemoteWebDriver.get(RemoteWebDriver.java:277)
at com.OFOS.generic.BaseClass.openTheBrowser(BaseClass.java:61)
at java.util.ArrayList.forEach(ArrayList.java:1257)
... Removed 29 stack frames]]>
    </failure>
  </testcase> <!-- @BeforeClass openTheBrowser -->
  <testcase name="@BeforeMethod logIn" time="-1.673843486522E9" classname="com.OFOS.generic.BaseClass">
    <skipped/>
  </testcase> <!-- @BeforeMethod logIn -->
  <testcase name="@AfterMethod logOut" time="-1.673843486531E9" classname="com.OFOS.generic.BaseClass">
    <skipped/>
  </testcase> <!-- @AfterMethod logOut -->
  <testcase name="@AfterClass closeBrowser" time="-1.673843486535E9" classname="com.OFOS.generic.BaseClass">
    <skipped/>
  </testcase> <!-- @AfterClass closeBrowser -->
  <testcase name="resturantTest" time="0.0" classname="com.OFOS.testscript.Resturant_AthByUsingTestNG">
    <skipped/>
  </testcase> <!-- resturantTest -->
  <testcase name="orderNow" time="0.0" classname="com.OFOS.testscript.OrderNowByUsingTestNG">
    <skipped/>
  </testcase> <!-- orderNow -->
  <testcase name="@BeforeSuite connectToDB" time="0.0" classname="com.OFOS.generic.BaseClass">
    <ignored/>
  </testcase> <!-- @BeforeSuite connectToDB -->
  <testcase name="@AfterSuite closeDatabase" time="0.0" classname="com.OFOS.generic.BaseClass">
    <ignored/>
  </testcase> <!-- @AfterSuite closeDatabase -->
</testsuite> <!-- Test-user -->
